17:47:48.466 [background-preinit] INFO  o.h.validator.internal.util.Version - HV000001: Hibernate Validator 6.2.0.Final
17:47:48.468 [main] INFO  d.d.s.i.RentADvdIntegrationTests - Starting RentADvdIntegrationTests using Java 1.8.0_312 on DESKTOP-4MMNJQG with PID 5748 (started by sifat_d0xms1s in C:\projects\dvd-rental)
17:47:48.468 [main] INFO  d.d.s.i.RentADvdIntegrationTests - No active profile set, falling back to default profiles: default
17:47:50.206 [main] INFO  o.s.d.r.c.RepositoryConfigurationDelegate - Bootstrapping Spring Data JPA repositories in DEFAULT mode.
17:47:50.293 [main] INFO  o.s.d.r.c.RepositoryConfigurationDelegate - Finished Spring Data repository scanning in 73 ms. Found 8 JPA repository interfaces.
17:47:51.634 [main] INFO  o.s.b.w.e.tomcat.TomcatWebServer - Tomcat initialized with port(s): 0 (http)
17:47:51.647 [main] INFO  o.a.coyote.http11.Http11NioProtocol - Initializing ProtocolHandler ["http-nio-auto-1"]
17:47:51.648 [main] INFO  o.a.catalina.core.StandardService - Starting service [Tomcat]
17:47:51.649 [main] INFO  o.a.catalina.core.StandardEngine - Starting Servlet engine: [Apache Tomcat/9.0.55]
17:47:51.797 [main] INFO  o.a.c.c.C.[Tomcat].[localhost].[/] - Initializing Spring embedded WebApplicationContext
17:47:51.797 [main] INFO  o.s.b.w.s.c.ServletWebServerApplicationContext - Root WebApplicationContext: initialization completed in 3065 ms
17:47:52.382 [main] INFO  com.zaxxer.hikari.HikariDataSource - HikariPool-1 - Starting...
17:47:52.686 [main] INFO  com.zaxxer.hikari.HikariDataSource - HikariPool-1 - Start completed.
17:47:52.697 [main] INFO  o.s.b.a.h.H2ConsoleAutoConfiguration - H2 console available at '/h2-console'. Database available at 'jdbc:h2:mem:conway'
17:47:53.014 [main] INFO  o.h.jpa.internal.util.LogHelper - HHH000204: Processing PersistenceUnitInfo [name: default]
17:47:53.124 [main] INFO  org.hibernate.Version - HHH000412: Hibernate ORM core version 5.6.1.Final
17:47:53.398 [main] INFO  o.h.annotations.common.Version - HCANN000001: Hibernate Commons Annotations {5.1.2.Final}
17:47:53.702 [main] INFO  org.hibernate.dialect.Dialect - HHH000400: Using dialect: org.hibernate.dialect.H2Dialect
17:47:54.679 [main] INFO  o.h.e.t.j.p.i.JtaPlatformInitiator - HHH000490: Using JtaPlatform implementation: [org.hibernate.engine.transaction.jta.platform.internal.NoJtaPlatform]
17:47:54.692 [main] INFO  o.s.o.j.LocalContainerEntityManagerFactoryBean - Initialized JPA EntityManagerFactory for persistence unit 'default'
17:47:55.594 [main] INFO  o.a.c.w.s.f.ReflectionServiceFactoryBean - Creating Service {localhost:8080}/RentService from class dvdrental.soap.RentService
17:47:56.259 [main] INFO  org.apache.cxf.endpoint.ServerImpl - Setting the server's publish address to be /rent
17:47:56.475 [main] WARN  o.s.b.a.o.j.JpaBaseConfiguration$JpaWebConfiguration - spring.jpa.open-in-view is enabled by default. Therefore, database queries may be performed during view rendering. Explicitly configure spring.jpa.open-in-view to disable this warning
17:47:58.258 [main] INFO  o.s.b.a.e.web.EndpointLinksResolver - Exposing 1 endpoint(s) beneath base path '/actuator'
17:47:58.663 [main] INFO  o.a.coyote.http11.Http11NioProtocol - Starting ProtocolHandler ["http-nio-auto-1"]
17:47:58.691 [main] INFO  o.s.b.w.e.tomcat.TomcatWebServer - Tomcat started on port(s): 59654 (http) with context path ''
17:47:58.706 [main] INFO  d.d.s.i.RentADvdIntegrationTests - Started RentADvdIntegrationTests in 10.693 seconds (JVM running for 12.35)
17:47:59.799 [http-nio-auto-1-exec-1] INFO  o.a.c.c.C.[Tomcat].[localhost].[/] - Initializing Spring DispatcherServlet 'dispatcherServlet'
17:47:59.799 [http-nio-auto-1-exec-1] INFO  o.s.web.servlet.DispatcherServlet - Initializing Servlet 'dispatcherServlet'
17:47:59.800 [http-nio-auto-1-exec-1] INFO  o.s.web.servlet.DispatcherServlet - Completed initialization in 1 ms
17:48:00.421 [SpringApplicationShutdownHook] INFO  o.s.o.j.LocalContainerEntityManagerFactoryBean - Closing JPA EntityManagerFactory for persistence unit 'default'
17:48:00.424 [SpringApplicationShutdownHook] INFO  com.zaxxer.hikari.HikariDataSource - HikariPool-1 - Shutdown initiated...
17:48:00.429 [SpringApplicationShutdownHook] INFO  com.zaxxer.hikari.HikariDataSource - HikariPool-1 - Shutdown completed.
17:48:58.419 [background-preinit] INFO  o.h.validator.internal.util.Version - HV000001: Hibernate Validator 6.2.0.Final
17:48:58.432 [main] INFO  d.d.s.i.RentADvdIntegrationTests - Starting RentADvdIntegrationTests using Java 1.8.0_312 on DESKTOP-4MMNJQG with PID 19692 (started by sifat_d0xms1s in C:\projects\dvd-rental)
17:48:58.432 [main] INFO  d.d.s.i.RentADvdIntegrationTests - No active profile set, falling back to default profiles: default
17:48:59.802 [main] INFO  o.s.d.r.c.RepositoryConfigurationDelegate - Bootstrapping Spring Data JPA repositories in DEFAULT mode.
17:48:59.883 [main] INFO  o.s.d.r.c.RepositoryConfigurationDelegate - Finished Spring Data repository scanning in 70 ms. Found 8 JPA repository interfaces.
17:49:01.095 [main] INFO  o.s.b.w.e.tomcat.TomcatWebServer - Tomcat initialized with port(s): 0 (http)
17:49:01.106 [main] INFO  o.a.coyote.http11.Http11NioProtocol - Initializing ProtocolHandler ["http-nio-auto-1"]
17:49:01.107 [main] INFO  o.a.catalina.core.StandardService - Starting service [Tomcat]
17:49:01.108 [main] INFO  o.a.catalina.core.StandardEngine - Starting Servlet engine: [Apache Tomcat/9.0.55]
17:49:01.247 [main] INFO  o.a.c.c.C.[Tomcat].[localhost].[/] - Initializing Spring embedded WebApplicationContext
17:49:01.247 [main] INFO  o.s.b.w.s.c.ServletWebServerApplicationContext - Root WebApplicationContext: initialization completed in 2571 ms
17:49:01.799 [main] INFO  com.zaxxer.hikari.HikariDataSource - HikariPool-1 - Starting...
17:49:02.082 [main] INFO  com.zaxxer.hikari.HikariDataSource - HikariPool-1 - Start completed.
17:49:02.092 [main] INFO  o.s.b.a.h.H2ConsoleAutoConfiguration - H2 console available at '/h2-console'. Database available at 'jdbc:h2:mem:conway'
17:49:02.391 [main] INFO  o.h.jpa.internal.util.LogHelper - HHH000204: Processing PersistenceUnitInfo [name: default]
17:49:02.459 [main] INFO  org.hibernate.Version - HHH000412: Hibernate ORM core version 5.6.1.Final
17:49:02.659 [main] INFO  o.h.annotations.common.Version - HCANN000001: Hibernate Commons Annotations {5.1.2.Final}
17:49:02.943 [main] INFO  org.hibernate.dialect.Dialect - HHH000400: Using dialect: org.hibernate.dialect.H2Dialect
17:49:03.798 [main] INFO  o.h.e.t.j.p.i.JtaPlatformInitiator - HHH000490: Using JtaPlatform implementation: [org.hibernate.engine.transaction.jta.platform.internal.NoJtaPlatform]
17:49:03.809 [main] INFO  o.s.o.j.LocalContainerEntityManagerFactoryBean - Initialized JPA EntityManagerFactory for persistence unit 'default'
17:49:04.695 [main] INFO  o.a.c.w.s.f.ReflectionServiceFactoryBean - Creating Service {localhost:8080}/RentService from class dvdrental.soap.RentService
17:49:05.224 [main] INFO  org.apache.cxf.endpoint.ServerImpl - Setting the server's publish address to be /rent
17:49:05.400 [main] WARN  o.s.b.a.o.j.JpaBaseConfiguration$JpaWebConfiguration - spring.jpa.open-in-view is enabled by default. Therefore, database queries may be performed during view rendering. Explicitly configure spring.jpa.open-in-view to disable this warning
17:49:07.071 [main] INFO  o.s.b.a.e.web.EndpointLinksResolver - Exposing 1 endpoint(s) beneath base path '/actuator'
17:49:07.363 [main] INFO  o.a.coyote.http11.Http11NioProtocol - Starting ProtocolHandler ["http-nio-auto-1"]
17:49:07.390 [main] INFO  o.s.b.w.e.tomcat.TomcatWebServer - Tomcat started on port(s): 59665 (http) with context path ''
17:49:07.405 [main] INFO  d.d.s.i.RentADvdIntegrationTests - Started RentADvdIntegrationTests in 9.435 seconds (JVM running for 10.701)
17:49:08.474 [http-nio-auto-1-exec-1] INFO  o.a.c.c.C.[Tomcat].[localhost].[/] - Initializing Spring DispatcherServlet 'dispatcherServlet'
17:49:08.474 [http-nio-auto-1-exec-1] INFO  o.s.web.servlet.DispatcherServlet - Initializing Servlet 'dispatcherServlet'
17:49:08.475 [http-nio-auto-1-exec-1] INFO  o.s.web.servlet.DispatcherServlet - Completed initialization in 1 ms
17:49:09.061 [SpringApplicationShutdownHook] INFO  o.s.o.j.LocalContainerEntityManagerFactoryBean - Closing JPA EntityManagerFactory for persistence unit 'default'
17:49:09.065 [SpringApplicationShutdownHook] INFO  com.zaxxer.hikari.HikariDataSource - HikariPool-1 - Shutdown initiated...
17:49:09.201 [SpringApplicationShutdownHook] INFO  com.zaxxer.hikari.HikariDataSource - HikariPool-1 - Shutdown completed.
