22:38:21.724 [background-preinit] INFO  o.h.validator.internal.util.Version - HV000001: Hibernate Validator 6.2.0.Final
22:38:21.731 [main] INFO  dvdrental.DvdRentalApplication - Starting DvdRentalApplication using Java 1.8.0_312 on DESKTOP-4MMNJQG with PID 10760 (C:\projects\dvd-rental\target\classes started by sifat_d0xms1s in C:\projects\dvd-rental)
22:38:21.732 [main] INFO  dvdrental.DvdRentalApplication - No active profile set, falling back to default profiles: default
22:38:23.196 [main] INFO  o.s.d.r.c.RepositoryConfigurationDelegate - Bootstrapping Spring Data JPA repositories in DEFAULT mode.
22:38:23.300 [main] INFO  o.s.d.r.c.RepositoryConfigurationDelegate - Finished Spring Data repository scanning in 80 ms. Found 8 JPA repository interfaces.
22:38:24.491 [main] INFO  o.s.b.w.e.tomcat.TomcatWebServer - Tomcat initialized with port(s): 8080 (http)
22:38:24.502 [main] INFO  o.a.coyote.http11.Http11NioProtocol - Initializing ProtocolHandler ["http-nio-8080"]
22:38:24.502 [main] INFO  o.a.catalina.core.StandardService - Starting service [Tomcat]
22:38:24.503 [main] INFO  o.a.catalina.core.StandardEngine - Starting Servlet engine: [Apache Tomcat/9.0.55]
22:38:24.621 [main] INFO  o.a.c.c.C.[Tomcat].[localhost].[/] - Initializing Spring embedded WebApplicationContext
22:38:24.622 [main] INFO  o.s.b.w.s.c.ServletWebServerApplicationContext - Root WebApplicationContext: initialization completed in 2822 ms
22:38:25.205 [main] INFO  com.zaxxer.hikari.HikariDataSource - HikariPool-1 - Starting...
22:38:25.426 [main] INFO  com.zaxxer.hikari.HikariDataSource - HikariPool-1 - Start completed.
22:38:25.519 [main] INFO  o.h.jpa.internal.util.LogHelper - HHH000204: Processing PersistenceUnitInfo [name: default]
22:38:25.656 [main] INFO  org.hibernate.Version - HHH000412: Hibernate ORM core version 5.6.1.Final
22:38:25.952 [main] INFO  o.h.annotations.common.Version - HCANN000001: Hibernate Commons Annotations {5.1.2.Final}
22:38:26.111 [main] INFO  org.hibernate.dialect.Dialect - HHH000400: Using dialect: org.hibernate.dialect.PostgreSQL10Dialect
22:38:26.921 [main] INFO  o.h.e.t.j.p.i.JtaPlatformInitiator - HHH000490: Using JtaPlatform implementation: [org.hibernate.engine.transaction.jta.platform.internal.NoJtaPlatform]
22:38:26.933 [main] INFO  o.s.o.j.LocalContainerEntityManagerFactoryBean - Initialized JPA EntityManagerFactory for persistence unit 'default'
22:38:27.580 [main] INFO  o.a.c.w.s.f.ReflectionServiceFactoryBean - Creating Service {localhost:8080}/RentService from class dvdrental.soap.RentService
22:38:28.047 [main] INFO  org.apache.cxf.endpoint.ServerImpl - Setting the server's publish address to be /rent
22:38:28.171 [main] WARN  o.s.b.a.o.j.JpaBaseConfiguration$JpaWebConfiguration - spring.jpa.open-in-view is enabled by default. Therefore, database queries may be performed during view rendering. Explicitly configure spring.jpa.open-in-view to disable this warning
22:38:29.236 [main] INFO  o.s.b.a.e.web.EndpointLinksResolver - Exposing 1 endpoint(s) beneath base path '/actuator'
22:38:29.264 [main] INFO  o.a.coyote.http11.Http11NioProtocol - Starting ProtocolHandler ["http-nio-8080"]
22:38:29.287 [main] INFO  o.s.b.w.e.tomcat.TomcatWebServer - Tomcat started on port(s): 8080 (http) with context path ''
22:38:29.302 [main] INFO  dvdrental.DvdRentalApplication - Started DvdRentalApplication in 8.067 seconds (JVM running for 8.589)
22:38:38.865 [http-nio-8080-exec-2] INFO  o.a.c.c.C.[Tomcat].[localhost].[/] - Initializing Spring DispatcherServlet 'dispatcherServlet'
22:38:38.866 [http-nio-8080-exec-2] INFO  o.s.web.servlet.DispatcherServlet - Initializing Servlet 'dispatcherServlet'
22:38:38.874 [http-nio-8080-exec-2] INFO  o.s.web.servlet.DispatcherServlet - Completed initialization in 7 ms
22:38:39.243 [http-nio-8080-exec-2] INFO  d.domain.service.FilmServiceImpl - Film title is processed. FilmId: 30
22:38:39.259 [http-nio-8080-exec-2] INFO  d.domain.service.FilmServiceImpl - Store is being processed.
22:38:39.260 [http-nio-8080-exec-2] INFO  d.domain.service.FilmServiceImpl - Store was processed. StoreId: 1
22:38:39.266 [http-nio-8080-exec-2] INFO  d.domain.service.FilmServiceImpl - Staff email is processed. StaffId: 2
22:38:39.270 [http-nio-8080-exec-2] INFO  d.domain.service.FilmServiceImpl - Address is being processed
22:38:39.351 [http-nio-8080-exec-2] INFO  d.domain.service.FilmServiceImpl - Customer was processed. CustomerId: 639
22:38:39.351 [http-nio-8080-exec-2] INFO  d.domain.service.FilmServiceImpl - Customer table was updated.
22:38:39.352 [http-nio-8080-exec-2] INFO  d.domain.service.FilmServiceImpl - Address was processed. AddressId: 627
22:38:39.365 [http-nio-8080-exec-2] INFO  d.domain.service.FilmServiceImpl - Added new inventory. InventoryId: 4681
22:38:39.366 [http-nio-8080-exec-2] INFO  d.domain.service.FilmServiceImpl - Processing rental
22:38:39.379 [http-nio-8080-exec-2] INFO  d.domain.service.FilmServiceImpl - Rental was processed. RentalId: 16152
22:39:02.167 [http-nio-8080-exec-3] INFO  d.domain.service.FilmServiceImpl - Film is being processed.
22:39:02.167 [http-nio-8080-exec-3] INFO  d.domain.service.FilmServiceImpl - Film table was processed. FilmId: 30
22:39:02.170 [http-nio-8080-exec-3] INFO  d.domain.service.FilmServiceImpl - Customer is being processed.
22:39:15.259 [http-nio-8080-exec-4] INFO  d.domain.service.FilmServiceImpl - Film is being processed.
22:39:15.259 [http-nio-8080-exec-4] INFO  d.domain.service.FilmServiceImpl - Film table was processed. FilmId: 30
22:39:15.263 [http-nio-8080-exec-4] INFO  d.domain.service.FilmServiceImpl - Customer is being processed.
22:39:15.264 [http-nio-8080-exec-4] INFO  d.domain.service.FilmServiceImpl - Customer is valid. CustomerId: 639
22:39:15.274 [http-nio-8080-exec-4] INFO  d.domain.service.FilmServiceImpl - Inventory is being processed
22:39:15.275 [http-nio-8080-exec-4] INFO  d.domain.service.FilmServiceImpl - Inventory exists.InventoriesId are [InventoriesEntity(inventoryId=4681, filmId=30, storeId=1, lastUpdate=2022-02-13T22:38:39.352), InventoriesEntity(inventoryId=4680, filmId=30, storeId=1, lastUpdate=2022-02-13T22:22:21.817), InventoriesEntity(inventoryId=4679, filmId=30, storeId=1, lastUpdate=2022-02-09T21:11:12.647), InventoriesEntity(inventoryId=4678, filmId=30, storeId=1, lastUpdate=2022-02-09T20:56:07.201), InventoriesEntity(inventoryId=4677, filmId=30, storeId=1, lastUpdate=2022-02-03T02:05:06.457), InventoriesEntity(inventoryId=4676, filmId=30, storeId=1, lastUpdate=2022-02-03T02:01:30.525), InventoriesEntity(inventoryId=4675, filmId=30, storeId=1, lastUpdate=2022-02-03T01:38:25.446), InventoriesEntity(inventoryId=4674, filmId=30, storeId=1, lastUpdate=2022-02-03T01:18:10.379), InventoriesEntity(inventoryId=4673, filmId=30, storeId=1, lastUpdate=2022-02-03T01:06:43.481), InventoriesEntity(inventoryId=4672, filmId=30, storeId=1, lastUpdate=2022-01-30T20:56:43.062), InventoriesEntity(inventoryId=4671, filmId=30, storeId=1, lastUpdate=2022-01-30T20:52:51.254), InventoriesEntity(inventoryId=4670, filmId=30, storeId=1, lastUpdate=2022-01-30T20:49:48.902), InventoriesEntity(inventoryId=4669, filmId=30, storeId=1, lastUpdate=2022-01-30T20:38:00.476), InventoriesEntity(inventoryId=4668, filmId=30, storeId=1, lastUpdate=2022-01-30T20:29:29.544), InventoriesEntity(inventoryId=4667, filmId=30, storeId=1, lastUpdate=2022-01-30T20:12:30.330), InventoriesEntity(inventoryId=4666, filmId=30, storeId=1, lastUpdate=2022-01-30T20:11:34.917), InventoriesEntity(inventoryId=4665, filmId=30, storeId=1, lastUpdate=2022-01-30T20:09:45.109), InventoriesEntity(inventoryId=4664, filmId=30, storeId=1, lastUpdate=2022-01-30T20:06:53.719), InventoriesEntity(inventoryId=4663, filmId=30, storeId=1, lastUpdate=2022-01-30T19:57:50.228), InventoriesEntity(inventoryId=4662, filmId=30, storeId=1, lastUpdate=2022-01-30T19:56:49.677), InventoriesEntity(inventoryId=4661, filmId=30, storeId=1, lastUpdate=2022-01-30T19:36:39.626), InventoriesEntity(inventoryId=4660, filmId=30, storeId=1, lastUpdate=2022-01-30T19:33:50.410), InventoriesEntity(inventoryId=4659, filmId=30, storeId=1, lastUpdate=2022-01-30T19:23:01.808), InventoriesEntity(inventoryId=145, filmId=30, storeId=1, lastUpdate=2020-02-15T05:09:17), InventoriesEntity(inventoryId=144, filmId=30, storeId=1, lastUpdate=2020-02-15T05:09:17)]
22:39:15.282 [http-nio-8080-exec-4] INFO  d.domain.service.FilmServiceImpl - Rental is being processed.
22:39:15.302 [http-nio-8080-exec-4] INFO  d.domain.service.FilmServiceImpl - Rental was updated. RentalId: 16152
22:39:31.735 [http-nio-8080-exec-5] INFO  d.domain.service.FilmServiceImpl - Film is being processed.
22:39:31.736 [http-nio-8080-exec-5] INFO  d.domain.service.FilmServiceImpl - Film table was processed. FilmId: 30
22:39:31.739 [http-nio-8080-exec-5] INFO  d.domain.service.FilmServiceImpl - Customer is being processed.
22:39:31.739 [http-nio-8080-exec-5] INFO  d.domain.service.FilmServiceImpl - Customer is valid. CustomerId: 639
22:39:31.744 [http-nio-8080-exec-5] INFO  d.domain.service.FilmServiceImpl - Inventory is being processed
22:39:31.745 [http-nio-8080-exec-5] INFO  d.domain.service.FilmServiceImpl - Inventory exists.InventoriesId are [InventoriesEntity(inventoryId=4681, filmId=30, storeId=1, lastUpdate=2022-02-13T22:38:39.352), InventoriesEntity(inventoryId=4680, filmId=30, storeId=1, lastUpdate=2022-02-13T22:22:21.817), InventoriesEntity(inventoryId=4679, filmId=30, storeId=1, lastUpdate=2022-02-09T21:11:12.647), InventoriesEntity(inventoryId=4678, filmId=30, storeId=1, lastUpdate=2022-02-09T20:56:07.201), InventoriesEntity(inventoryId=4677, filmId=30, storeId=1, lastUpdate=2022-02-03T02:05:06.457), InventoriesEntity(inventoryId=4676, filmId=30, storeId=1, lastUpdate=2022-02-03T02:01:30.525), InventoriesEntity(inventoryId=4675, filmId=30, storeId=1, lastUpdate=2022-02-03T01:38:25.446), InventoriesEntity(inventoryId=4674, filmId=30, storeId=1, lastUpdate=2022-02-03T01:18:10.379), InventoriesEntity(inventoryId=4673, filmId=30, storeId=1, lastUpdate=2022-02-03T01:06:43.481), InventoriesEntity(inventoryId=4672, filmId=30, storeId=1, lastUpdate=2022-01-30T20:56:43.062), InventoriesEntity(inventoryId=4671, filmId=30, storeId=1, lastUpdate=2022-01-30T20:52:51.254), InventoriesEntity(inventoryId=4670, filmId=30, storeId=1, lastUpdate=2022-01-30T20:49:48.902), InventoriesEntity(inventoryId=4669, filmId=30, storeId=1, lastUpdate=2022-01-30T20:38:00.476), InventoriesEntity(inventoryId=4668, filmId=30, storeId=1, lastUpdate=2022-01-30T20:29:29.544), InventoriesEntity(inventoryId=4667, filmId=30, storeId=1, lastUpdate=2022-01-30T20:12:30.330), InventoriesEntity(inventoryId=4666, filmId=30, storeId=1, lastUpdate=2022-01-30T20:11:34.917), InventoriesEntity(inventoryId=4665, filmId=30, storeId=1, lastUpdate=2022-01-30T20:09:45.109), InventoriesEntity(inventoryId=4664, filmId=30, storeId=1, lastUpdate=2022-01-30T20:06:53.719), InventoriesEntity(inventoryId=4663, filmId=30, storeId=1, lastUpdate=2022-01-30T19:57:50.228), InventoriesEntity(inventoryId=4662, filmId=30, storeId=1, lastUpdate=2022-01-30T19:56:49.677), InventoriesEntity(inventoryId=4661, filmId=30, storeId=1, lastUpdate=2022-01-30T19:36:39.626), InventoriesEntity(inventoryId=4660, filmId=30, storeId=1, lastUpdate=2022-01-30T19:33:50.410), InventoriesEntity(inventoryId=4659, filmId=30, storeId=1, lastUpdate=2022-01-30T19:23:01.808), InventoriesEntity(inventoryId=145, filmId=30, storeId=1, lastUpdate=2020-02-15T05:09:17), InventoriesEntity(inventoryId=144, filmId=30, storeId=1, lastUpdate=2020-02-15T05:09:17)]
22:39:31.748 [http-nio-8080-exec-5] INFO  d.domain.service.FilmServiceImpl - Rental is being processed.
22:41:58.656 [background-preinit] INFO  o.h.validator.internal.util.Version - HV000001: Hibernate Validator 6.2.0.Final
22:41:58.659 [main] INFO  d.d.s.i.FilmServiceIntegrationTest - Starting FilmServiceIntegrationTest using Java 1.8.0_312 on DESKTOP-4MMNJQG with PID 15412 (started by sifat_d0xms1s in C:\projects\dvd-rental)
22:41:58.659 [main] INFO  d.d.s.i.FilmServiceIntegrationTest - No active profile set, falling back to default profiles: default
22:41:59.943 [main] INFO  o.s.d.r.c.RepositoryConfigurationDelegate - Bootstrapping Spring Data JPA repositories in DEFAULT mode.
22:42:00.020 [main] INFO  o.s.d.r.c.RepositoryConfigurationDelegate - Finished Spring Data repository scanning in 65 ms. Found 8 JPA repository interfaces.
22:42:01.161 [main] INFO  o.s.b.w.e.tomcat.TomcatWebServer - Tomcat initialized with port(s): 0 (http)
22:42:01.172 [main] INFO  o.a.coyote.http11.Http11NioProtocol - Initializing ProtocolHandler ["http-nio-auto-1"]
22:42:01.173 [main] INFO  o.a.catalina.core.StandardService - Starting service [Tomcat]
22:42:01.173 [main] INFO  o.a.catalina.core.StandardEngine - Starting Servlet engine: [Apache Tomcat/9.0.55]
22:42:01.295 [main] INFO  o.a.c.c.C.[Tomcat].[localhost].[/] - Initializing Spring embedded WebApplicationContext
22:42:01.295 [main] INFO  o.s.b.w.s.c.ServletWebServerApplicationContext - Root WebApplicationContext: initialization completed in 2429 ms
22:42:01.782 [main] INFO  com.zaxxer.hikari.HikariDataSource - HikariPool-1 - Starting...
22:42:02.018 [main] INFO  com.zaxxer.hikari.HikariDataSource - HikariPool-1 - Start completed.
22:42:02.029 [main] INFO  o.s.b.a.h.H2ConsoleAutoConfiguration - H2 console available at '/h2-console'. Database available at 'jdbc:h2:mem:testdb'
22:42:02.309 [main] INFO  o.h.jpa.internal.util.LogHelper - HHH000204: Processing PersistenceUnitInfo [name: default]
22:42:02.380 [main] INFO  org.hibernate.Version - HHH000412: Hibernate ORM core version 5.6.1.Final
22:42:02.576 [main] INFO  o.h.annotations.common.Version - HCANN000001: Hibernate Commons Annotations {5.1.2.Final}
22:42:02.884 [main] INFO  org.hibernate.dialect.Dialect - HHH000400: Using dialect: org.hibernate.dialect.H2Dialect
22:42:03.767 [main] INFO  o.h.e.t.j.p.i.JtaPlatformInitiator - HHH000490: Using JtaPlatform implementation: [org.hibernate.engine.transaction.jta.platform.internal.NoJtaPlatform]
22:42:03.777 [main] INFO  o.s.o.j.LocalContainerEntityManagerFactoryBean - Initialized JPA EntityManagerFactory for persistence unit 'default'
22:42:04.599 [main] INFO  o.a.c.w.s.f.ReflectionServiceFactoryBean - Creating Service {localhost:8080}/RentService from class dvdrental.soap.RentService
22:42:05.111 [main] INFO  org.apache.cxf.endpoint.ServerImpl - Setting the server's publish address to be /rent
22:42:05.313 [main] WARN  o.s.b.a.o.j.JpaBaseConfiguration$JpaWebConfiguration - spring.jpa.open-in-view is enabled by default. Therefore, database queries may be performed during view rendering. Explicitly configure spring.jpa.open-in-view to disable this warning
22:42:07.251 [main] INFO  o.s.b.a.e.web.EndpointLinksResolver - Exposing 1 endpoint(s) beneath base path '/actuator'
22:42:07.560 [main] INFO  o.a.coyote.http11.Http11NioProtocol - Starting ProtocolHandler ["http-nio-auto-1"]
22:42:07.587 [main] INFO  o.s.b.w.e.tomcat.TomcatWebServer - Tomcat started on port(s): 63740 (http) with context path ''
22:42:07.599 [main] INFO  d.d.s.i.FilmServiceIntegrationTest - Started FilmServiceIntegrationTest in 9.347 seconds (JVM running for 10.516)
22:42:08.532 [http-nio-auto-1-exec-1] INFO  o.a.c.c.C.[Tomcat].[localhost].[/] - Initializing Spring DispatcherServlet 'dispatcherServlet'
22:42:08.532 [http-nio-auto-1-exec-1] INFO  o.s.web.servlet.DispatcherServlet - Initializing Servlet 'dispatcherServlet'
22:42:08.533 [http-nio-auto-1-exec-1] INFO  o.s.web.servlet.DispatcherServlet - Completed initialization in 1 ms
22:42:09.323 [SpringApplicationShutdownHook] INFO  o.s.o.j.LocalContainerEntityManagerFactoryBean - Closing JPA EntityManagerFactory for persistence unit 'default'
22:42:09.326 [SpringApplicationShutdownHook] INFO  com.zaxxer.hikari.HikariDataSource - HikariPool-1 - Shutdown initiated...
22:42:09.330 [SpringApplicationShutdownHook] INFO  com.zaxxer.hikari.HikariDataSource - HikariPool-1 - Shutdown completed.
22:44:39.460 [background-preinit] INFO  o.h.validator.internal.util.Version - HV000001: Hibernate Validator 6.2.0.Final
22:44:39.468 [main] INFO  d.d.s.i.FilmServiceIntegrationTest - Starting FilmServiceIntegrationTest using Java 1.8.0_312 on DESKTOP-4MMNJQG with PID 24728 (started by sifat_d0xms1s in C:\projects\dvd-rental)
22:44:39.468 [main] INFO  d.d.s.i.FilmServiceIntegrationTest - No active profile set, falling back to default profiles: default
22:44:40.772 [main] INFO  o.s.d.r.c.RepositoryConfigurationDelegate - Bootstrapping Spring Data JPA repositories in DEFAULT mode.
22:44:40.847 [main] INFO  o.s.d.r.c.RepositoryConfigurationDelegate - Finished Spring Data repository scanning in 65 ms. Found 8 JPA repository interfaces.
22:44:41.993 [main] INFO  o.s.b.w.e.tomcat.TomcatWebServer - Tomcat initialized with port(s): 0 (http)
22:44:42.004 [main] INFO  o.a.coyote.http11.Http11NioProtocol - Initializing ProtocolHandler ["http-nio-auto-1"]
22:44:42.005 [main] INFO  o.a.catalina.core.StandardService - Starting service [Tomcat]
22:44:42.005 [main] INFO  o.a.catalina.core.StandardEngine - Starting Servlet engine: [Apache Tomcat/9.0.55]
22:44:42.129 [main] INFO  o.a.c.c.C.[Tomcat].[localhost].[/] - Initializing Spring embedded WebApplicationContext
22:44:42.129 [main] INFO  o.s.b.w.s.c.ServletWebServerApplicationContext - Root WebApplicationContext: initialization completed in 2431 ms
22:44:42.627 [main] INFO  com.zaxxer.hikari.HikariDataSource - HikariPool-1 - Starting...
22:44:42.906 [main] INFO  com.zaxxer.hikari.HikariDataSource - HikariPool-1 - Start completed.
22:44:42.917 [main] INFO  o.s.b.a.h.H2ConsoleAutoConfiguration - H2 console available at '/h2-console'. Database available at 'jdbc:h2:mem:testdb'
22:44:43.222 [main] INFO  o.h.jpa.internal.util.LogHelper - HHH000204: Processing PersistenceUnitInfo [name: default]
22:44:43.291 [main] INFO  org.hibernate.Version - HHH000412: Hibernate ORM core version 5.6.1.Final
22:44:43.473 [main] INFO  o.h.annotations.common.Version - HCANN000001: Hibernate Commons Annotations {5.1.2.Final}
22:44:43.729 [main] INFO  org.hibernate.dialect.Dialect - HHH000400: Using dialect: org.hibernate.dialect.H2Dialect
22:44:44.532 [main] INFO  o.h.e.t.j.p.i.JtaPlatformInitiator - HHH000490: Using JtaPlatform implementation: [org.hibernate.engine.transaction.jta.platform.internal.NoJtaPlatform]
22:44:44.542 [main] INFO  o.s.o.j.LocalContainerEntityManagerFactoryBean - Initialized JPA EntityManagerFactory for persistence unit 'default'
22:44:45.306 [main] INFO  o.a.c.w.s.f.ReflectionServiceFactoryBean - Creating Service {localhost:8080}/RentService from class dvdrental.soap.RentService
22:44:45.801 [main] INFO  org.apache.cxf.endpoint.ServerImpl - Setting the server's publish address to be /rent
22:44:46.029 [main] WARN  o.s.b.a.o.j.JpaBaseConfiguration$JpaWebConfiguration - spring.jpa.open-in-view is enabled by default. Therefore, database queries may be performed during view rendering. Explicitly configure spring.jpa.open-in-view to disable this warning
22:44:48.046 [main] INFO  o.s.b.a.e.web.EndpointLinksResolver - Exposing 1 endpoint(s) beneath base path '/actuator'
22:44:48.418 [main] INFO  o.a.coyote.http11.Http11NioProtocol - Starting ProtocolHandler ["http-nio-auto-1"]
22:44:48.448 [main] INFO  o.s.b.w.e.tomcat.TomcatWebServer - Tomcat started on port(s): 64055 (http) with context path ''
22:44:48.463 [main] INFO  d.d.s.i.FilmServiceIntegrationTest - Started FilmServiceIntegrationTest in 9.466 seconds (JVM running for 10.562)
22:44:49.488 [http-nio-auto-1-exec-1] INFO  o.a.c.c.C.[Tomcat].[localhost].[/] - Initializing Spring DispatcherServlet 'dispatcherServlet'
22:44:49.489 [http-nio-auto-1-exec-1] INFO  o.s.web.servlet.DispatcherServlet - Initializing Servlet 'dispatcherServlet'
22:44:49.490 [http-nio-auto-1-exec-1] INFO  o.s.web.servlet.DispatcherServlet - Completed initialization in 1 ms
22:44:50.357 [SpringApplicationShutdownHook] INFO  o.s.o.j.LocalContainerEntityManagerFactoryBean - Closing JPA EntityManagerFactory for persistence unit 'default'
22:44:50.360 [SpringApplicationShutdownHook] INFO  com.zaxxer.hikari.HikariDataSource - HikariPool-1 - Shutdown initiated...
22:44:50.365 [SpringApplicationShutdownHook] INFO  com.zaxxer.hikari.HikariDataSource - HikariPool-1 - Shutdown completed.
