00:59:30.196 [main] INFO  dvdrental.sifat.DvdRentalApplication - Starting DvdRentalApplication using Java 1.8.0_312 on DESKTOP-4MMNJQG with PID 10484 (C:\projects\dvd-rental\target\classes started by sifat_d0xms1s in C:\projects\dvd-rental)
00:59:30.196 [main] INFO  dvdrental.sifat.DvdRentalApplication - No active profile set, falling back to default profiles: default
00:59:31.264 [main] INFO  o.s.d.r.c.RepositoryConfigurationDelegate - Bootstrapping Spring Data JPA repositories in DEFAULT mode.
00:59:31.342 [main] INFO  o.s.d.r.c.RepositoryConfigurationDelegate - Finished Spring Data repository scanning in 71 ms. Found 7 JPA repository interfaces.
00:59:32.241 [main] INFO  o.s.b.w.e.tomcat.TomcatWebServer - Tomcat initialized with port(s): 8080 (http)
00:59:32.241 [main] INFO  o.a.coyote.http11.Http11NioProtocol - Initializing ProtocolHandler ["http-nio-8080"]
00:59:32.252 [main] INFO  o.a.catalina.core.StandardService - Starting service [Tomcat]
00:59:32.252 [main] INFO  o.a.catalina.core.StandardEngine - Starting Servlet engine: [Apache Tomcat/9.0.55]
00:59:32.330 [main] INFO  o.a.c.c.C.[Tomcat].[localhost].[/] - Initializing Spring embedded WebApplicationContext
00:59:32.330 [main] INFO  o.s.b.w.s.c.ServletWebServerApplicationContext - Root WebApplicationContext: initialization completed in 2087 ms
00:59:32.764 [main] INFO  com.zaxxer.hikari.HikariDataSource - HikariPool-1 - Starting...
00:59:33.003 [main] INFO  com.zaxxer.hikari.HikariDataSource - HikariPool-1 - Start completed.
00:59:33.058 [main] INFO  o.h.jpa.internal.util.LogHelper - HHH000204: Processing PersistenceUnitInfo [name: default]
00:59:33.123 [main] INFO  org.hibernate.Version - HHH000412: Hibernate ORM core version 5.6.1.Final
00:59:33.399 [main] INFO  o.h.annotations.common.Version - HCANN000001: Hibernate Commons Annotations {5.1.2.Final}
00:59:33.546 [main] INFO  org.hibernate.dialect.Dialect - HHH000400: Using dialect: org.hibernate.dialect.PostgreSQL10Dialect
00:59:34.217 [main] INFO  o.h.e.t.j.p.i.JtaPlatformInitiator - HHH000490: Using JtaPlatform implementation: [org.hibernate.engine.transaction.jta.platform.internal.NoJtaPlatform]
00:59:34.226 [main] INFO  o.s.o.j.LocalContainerEntityManagerFactoryBean - Initialized JPA EntityManagerFactory for persistence unit 'default'
00:59:35.103 [main] WARN  o.s.b.a.o.j.JpaBaseConfiguration$JpaWebConfiguration - spring.jpa.open-in-view is enabled by default. Therefore, database queries may be performed during view rendering. Explicitly configure spring.jpa.open-in-view to disable this warning
00:59:36.237 [main] INFO  o.s.b.a.e.web.EndpointLinksResolver - Exposing 1 endpoint(s) beneath base path '/actuator'
00:59:36.253 [main] INFO  o.a.coyote.http11.Http11NioProtocol - Starting ProtocolHandler ["http-nio-8080"]
00:59:36.284 [main] INFO  o.s.b.w.e.tomcat.TomcatWebServer - Tomcat started on port(s): 8080 (http) with context path ''
00:59:36.300 [main] INFO  dvdrental.sifat.DvdRentalApplication - Started DvdRentalApplication in 6.576 seconds (JVM running for 6.97)
00:59:36.899 [http-nio-8080-exec-2] INFO  o.a.c.c.C.[Tomcat].[localhost].[/] - Initializing Spring DispatcherServlet 'dispatcherServlet'
00:59:36.900 [http-nio-8080-exec-2] INFO  o.s.web.servlet.DispatcherServlet - Initializing Servlet 'dispatcherServlet'
00:59:36.901 [http-nio-8080-exec-2] INFO  o.s.web.servlet.DispatcherServlet - Completed initialization in 1 ms
00:59:37.212 [http-nio-8080-exec-2] INFO  d.s.domain.service.FilmServiceImpl - Film title is processed.
00:59:37.221 [http-nio-8080-exec-2] INFO  d.s.domain.service.FilmServiceImpl - Store is being processed.
00:59:37.227 [http-nio-8080-exec-2] INFO  d.s.domain.service.FilmServiceImpl - Staff email is processed.
00:59:37.234 [http-nio-8080-exec-2] INFO  d.s.domain.service.FilmServiceImpl - Address is being processed
00:59:37.250 [http-nio-8080-exec-2] INFO  d.s.domain.service.FilmServiceImpl - Inventory of film is being processed.
00:59:37.315 [http-nio-8080-exec-2] INFO  d.s.domain.service.FilmServiceImpl - Added new inventory
00:59:37.315 [http-nio-8080-exec-2] INFO  d.s.domain.service.FilmServiceImpl - Processing rental
01:02:20.995 [SpringApplicationShutdownHook] INFO  o.s.o.j.LocalContainerEntityManagerFactoryBean - Closing JPA EntityManagerFactory for persistence unit 'default'
01:02:21.010 [SpringApplicationShutdownHook] INFO  com.zaxxer.hikari.HikariDataSource - HikariPool-1 - Shutdown initiated...
01:02:21.014 [SpringApplicationShutdownHook] INFO  com.zaxxer.hikari.HikariDataSource - HikariPool-1 - Shutdown completed.
